Bots initialized, white: Number Piece(3), black: Value Piece(3)Move number 0Board:
r n b q k b n r
p p p p p p p p
. . . . . . . .
. . . . . . . .
. . . . . . . .
. . . . . . . .
P P P P P P P P
R N B Q K B N RFEN: rnbqkbnr/pppppppp/8/8/8/8/PPPPPPPP/RNBQKBNR w KQkq - 0 1Move number 1Board:
r n b q k b n r
p p p p p p p p
. . . . . . . .
. . . . . . . .
. . . . . . . .
. . . . . . . N
P P P P P P P P
R N B Q K B . RFEN: rnbqkbnr/pppppppp/8/8/8/7N/PPPPPPPP/RNBQKB1R b KQkq - 1 1Move number 2Board:
r n b q k b n r
p p p p p p . p
. . . . . . . .
. . . . . . p .
. . . . . . . .
. . . . . . . N
P P P P P P P P
R N B Q K B . RFEN: rnbqkbnr/pppppp1p/8/6p1/8/7N/PPPPPPPP/RNBQKB1R w KQkq - 0 2Move number 3Board:
r n b q k b n r
p p p p p p . p
. . . . . . . .
. . . . . . N .
. . . . . . . .
. . . . . . . .
P P P P P P P P
R N B Q K B . RFEN: rnbqkbnr/pppppp1p/8/6N1/8/8/PPPPPPPP/RNBQKB1R b KQkq - 0 2Move number 4Board:
r n b q k b . r
p p p p p p . p
. . . . . . . n
. . . . . . N .
. . . . . . . .
. . . . . . . .
P P P P P P P P
R N B Q K B . RFEN: rnbqkb1r/pppppp1p/7n/6N1/8/8/PPPPPPPP/RNBQKB1R w KQkq - 1 3Move number 5Board:
r n b q k b . r
p p p p p p . p
. . . . N . . n
. . . . . . . .
. . . . . . . .
. . . . . . . .
P P P P P P P P
R N B Q K B . RFEN: rnbqkb1r/pppppp1p/4N2n/8/8/8/PPPPPPPP/RNBQKB1R b KQkq - 2 3Move number 6Board:
r n b q k b r .
p p p p p p . p
. . . . N . . n
. . . . . . . .
. . . . . . . .
. . . . . . . .
P P P P P P P P
R N B Q K B . RFEN: rnbqkbr1/pppppp1p/4N2n/8/8/8/PPPPPPPP/RNBQKB1R w KQq - 3 4Move number 7Board:
r n b q k N r .
p p p p p p . p
. . . . . . . n
. . . . . . . .
. . . . . . . .
. . . . . . . .
P P P P P P P P
R N B Q K B . RFEN: rnbqkNr1/pppppp1p/7n/8/8/8/PPPPPPPP/RNBQKB1R b KQq - 0 4Move number 8Board:
r n b q k N . .
p p p p p p . p
. . . . . . . n
. . . . . . . .
. . . . . . . .
. . . . . . r .
P P P P P P P P
R N B Q K B . RFEN: rnbqkN2/pppppp1p/7n/8/8/6r1/PPPPPPPP/RNBQKB1R w KQq - 1 5Move number 9Board:
r n b q k . . .
p p p N p p . p
. . . . . . . n
. . . . . . . .
. . . . . . . .
. . . . . . r .
P P P P P P P P
R N B Q K B . RFEN: rnbqk3/pppNpp1p/7n/8/8/6r1/PPPPPPPP/RNBQKB1R b KQq - 0 5