Bots initialized, white: Random, black: RandomMove number 0Board:
r n b q k b n r
p p p p p p p p
. . . . . . . .
. . . . . . . .
. . . . . . . .
. . . . . . . .
P P P P P P P P
R N B Q K B N RFEN: rnbqkbnr/pppppppp/8/8/8/8/PPPPPPPP/RNBQKBNR w KQkq - 0 1Move number 1Board:
r n b q k b n r
p p p p p p p p
. . . . . . . .
. . . . . . . .
. . . . . . . .
N . . . . . . .
P P P P P P P P
R . B Q K B N RFEN: rnbqkbnr/pppppppp/8/8/8/N7/PPPPPPPP/R1BQKBNR b KQkq - 1 1Move number 2Board:
r n b q k b n r
p . p p p p p p
. p . . . . . .
. . . . . . . .
. . . . . . . .
N . . . . . . .
P P P P P P P P
R . B Q K B N RFEN: rnbqkbnr/p1pppppp/1p6/8/8/N7/PPPPPPPP/R1BQKBNR w KQkq - 0 2Move number 3Board:
r n b q k b n r
p . p p p p p p
. p . . . . . .
. . . . . . . .
. . . . P . . .
N . . . . . . .
P P P P . P P P
R . B Q K B N RFEN: rnbqkbnr/p1pppppp/1p6/8/4P3/N7/PPPP1PPP/R1BQKBNR b KQkq - 0 2Move number 4Board:
r n b q k b n r
p . p p . p p p
. p . . p . . .
. . . . . . . .
. . . . P . . .
N . . . . . . .
P P P P . P P P
R . B Q K B N RFEN: rnbqkbnr/p1pp1ppp/1p2p3/8/4P3/N7/PPPP1PPP/R1BQKBNR w KQkq - 0 3Move number 5Board:
r n b q k b n r
p . p p . p p p
. p . . p . . .
. . . . . . . .
. . P . P . . .
N . . . . . . .
P P . P . P P P
R . B Q K B N RFEN: rnbqkbnr/p1pp1ppp/1p2p3/8/2P1P3/N7/PP1P1PPP/R1BQKBNR b KQkq - 0 3Move number 6Board:
r n b q k b n r
p . p p . p . p
. p . . p . . .
. . . . . . p .
. . P . P . . .
N . . . . . . .
P P . P . P P P
R . B Q K B N RFEN: rnbqkbnr/p1pp1p1p/1p2p3/6p1/2P1P3/N7/PP1P1PPP/R1BQKBNR w KQkq - 0 4Move number 7Board:
r n b q k b n r
p . p p . p . p
. p . . p . . .
. . . . . . p .
. P P . P . . .
N . . . . . . .
P . . P . P P P
R . B Q K B N RFEN: rnbqkbnr/p1pp1p1p/1p2p3/6p1/1PP1P3/N7/P2P1PPP/R1BQKBNR b KQkq - 0 4Move number 8Board:
r . b q k b n r
p . p p . p . p
n p . . p . . .
. . . . . . p .
. P P . P . . .
N . . . . . . .
P . . P . P P P
R . B Q K B N RFEN: r1bqkbnr/p1pp1p1p/np2p3/6p1/1PP1P3/N7/P2P1PPP/R1BQKBNR w KQkq - 1 5Move number 9Board:
r . b q k b n r
p . p p . p . p
n p . . p . . .
. . . . . . p .
. P P . P . . .
N . . P . . . .
P . . . . P P P
R . B Q K B N RFEN: r1bqkbnr/p1pp1p1p/np2p3/6p1/1PP1P3/N2P4/P4PPP/R1BQKBNR b KQkq - 0 5Move number 10Board:
r . b q k b n r
p . . p . p . p
n p p . p . . .
. . . . . . p .
. P P . P . . .
N . . P . . . .
P . . . . P P P
R . B Q K B N RFEN: r1bqkbnr/p2p1p1p/npp1p3/6p1/1PP1P3/N2P4/P4PPP/R1BQKBNR w KQkq - 0 6Move number 11Board:
r . b q k b n r
p . . p . p . p
n p p . p . . .
. . . . . . p .
. P P P P . . .
N . . . . . . .
P . . . . P P P
R . B Q K B N RFEN: r1bqkbnr/p2p1p1p/npp1p3/6p1/1PPPP3/N7/P4PPP/R1BQKBNR b KQkq - 0 6Move number 12Board:
r . b q k . n r
p . . p b p . p
n p p . p . . .
. . . . . . p .
. P P P P . . .
N . . . . . . .
P . . . . P P P
R . B Q K B N RFEN: r1bqk1nr/p2pbp1p/npp1p3/6p1/1PPPP3/N7/P4PPP/R1BQKBNR w KQkq - 1 7Move number 13Board:
r . b q k . n r
p . . p b p . p
n p p . p . . .
. . . . . . p .
. P P P P . . .
N . . . . . . .
P . . . Q P P P
R . B . K B N RFEN: r1bqk1nr/p2pbp1p/npp1p3/6p1/1PPPP3/N7/P3QPPP/R1B1KBNR b KQkq - 2 7Move number 14Board:
r . b q k . n r
p . . p b . . p
n p p . p . . .
. . . . . p p .
. P P P P . . .
N . . . . . . .
P . . . Q P P P
R . B . K B N RFEN: r1bqk1nr/p2pb2p/npp1p3/5pp1/1PPPP3/N7/P3QPPP/R1B1KBNR w KQkq - 0 8Move number 15Board:
r . b q k . n r
p . . p b . . p
n p p . p . . .
. . . . . p p .
. P P P P . . .
N . . . . . . .
P . . K Q P P P
R . B . . B N RFEN: r1bqk1nr/p2pb2p/npp1p3/5pp1/1PPPP3/N7/P2KQPPP/R1B2BNR b kq - 1 8Move number 16Board:
r . b q k . . r
p . . p b . . p
n p p . p n . .
. . . . . p p .
. P P P P . . .
N . . . . . . .
P . . K Q P P P
R . B . . B N RFEN: r1bqk2r/p2pb2p/npp1pn2/5pp1/1PPPP3/N7/P2KQPPP/R1B2BNR w kq - 2 9Move number 17Board:
r . b q k . . r
p . . p b . . p
n p p . p n . .
. . . . P p p .
. P P P . . . .
N . . . . . . .
P . . K Q P P P
R . B . . B N RFEN: r1bqk2r/p2pb2p/npp1pn2/4Ppp1/1PPP4/N7/P2KQPPP/R1B2BNR b kq - 0 9Move number 18Board:
r . b q k . . r
p . . p b . . p
n . p . p n . .
. p . . P p p .
. P P P . . . .
N . . . . . . .
P . . K Q P P P
R . B . . B N RFEN: r1bqk2r/p2pb2p/n1p1pn2/1p2Ppp1/1PPP4/N7/P2KQPPP/R1B2BNR w kq - 0 10Move number 19Board:
r . b q k . . r
p . . p b . . p
n . p . p n . .
. p . . P p p .
. P P P . . P .
N . . . . . . .
P . . K Q P . P
R . B . . B N RFEN: r1bqk2r/p2pb2p/n1p1pn2/1p2Ppp1/1PPP2P1/N7/P2KQP1P/R1B2BNR b kq - 0 10Move number 20Board:
r . b q k . . r
p . . p b . . p
n . p . p n . .
. p . . P . p .
. P P P . p P .
N . . . . . . .
P . . K Q P . P
R . B . . B N RFEN: r1bqk2r/p2pb2p/n1p1pn2/1p2P1p1/1PPP1pP1/N7/P2KQP1P/R1B2BNR w kq - 0 11Move number 21Board:
r . b q k . . r
p . . p b . . p
n . p . p n . .
. p . . P . p .
. P P P . p P .
N . K . . . . .
P . . . Q P . P
R . B . . B N RFEN: r1bqk2r/p2pb2p/n1p1pn2/1p2P1p1/1PPP1pP1/N1K5/P3QP1P/R1B2BNR b kq - 1 11Move number 22Board:
r . b q k r . .
p . . p b . . p
n . p . p n . .
. p . . P . p .
. P P P . p P .
N . K . . . . .
P . . . Q P . P
R . B . . B N RFEN: r1bqkr2/p2pb2p/n1p1pn2/1p2P1p1/1PPP1pP1/N1K5/P3QP1P/R1B2BNR w q - 2 12Move number 23Board:
r . b q k r . .
p . . p b . . p
n . p . p n . .
. p . . P . p .
. P P P . B P .
N . K . . . . .
P . . . Q P . P
R . . . . B N RFEN: r1bqkr2/p2pb2p/n1p1pn2/1p2P1p1/1PPP1BP1/N1K5/P3QP1P/R4BNR b q - 0 12Move number 24Board:
r . b q k r . .
p . . p b . . p
. . p . p n . .
. p n . P . p .
. P P P . B P .
N . K . . . . .
P . . . Q P . P
R . . . . B N RFEN: r1bqkr2/p2pb2p/2p1pn2/1pn1P1p1/1PPP1BP1/N1K5/P3QP1P/R4BNR w q - 1 13Move number 25Board:
r . b q k r . .
p . . p b . . p
. . p . p n . .
. p n . P . p .
. P P P . B P .
N . K . . . . .
P . . . . P . P
R . . . Q B N RFEN: r1bqkr2/p2pb2p/2p1pn2/1pn1P1p1/1PPP1BP1/N1K5/P4P1P/R3QBNR b q - 2 13Move number 26Board:
r . b q k . . .
p . . p b r . p
. . p . p n . .
. p n . P . p .
. P P P . B P .
N . K . . . . .
P . . . . P . P
R . . . Q B N RFEN: r1bqk3/p2pbr1p/2p1pn2/1pn1P1p1/1PPP1BP1/N1K5/P4P1P/R3QBNR w q - 3 14Move number 27Board:
r . b q k . . .
p . . p b r . p
. . p . p n . .
. p n . P . p .
. P P P . B P .
N . K . . N . .
P . . . . P . P
R . . . Q B . RFEN: r1bqk3/p2pbr1p/2p1pn2/1pn1P1p1/1PPP1BP1/N1K2N2/P4P1P/R3QB1R b q - 4 14Move number 28Board:
r . b q k . . .
p . . p b r . p
. . p . p n . .
. p . . P . p .
. P P P . B P .
N . K n . N . .
P . . . . P . P
R . . . Q B . RFEN: r1bqk3/p2pbr1p/2p1pn2/1p2P1p1/1PPP1BP1/N1Kn1N2/P4P1P/R3QB1R w q - 5 15Move number 29Board:
r . b q k . . .
p . . p b r . p
. . p . p n . .
. p . . P . N .
. P P P . B P .
N . K n . . . .
P . . . . P . P
R . . . Q B . RFEN: r1bqk3/p2pbr1p/2p1pn2/1p2P1N1/1PPP1BP1/N1Kn4/P4P1P/R3QB1R b q - 0 15Move number 30Board:
r . b q k . . .
p . . p b r . p
. . p . p n . .
. . . . P . N .
. P p P . B P .
N . K n . . . .
P . . . . P . P
R . . . Q B . RFEN: r1bqk3/p2pbr1p/2p1pn2/4P1N1/1PpP1BP1/N1Kn4/P4P1P/R3QB1R w q - 0 16Move number 31Board:
r . b q k . . .
p . . p b r . N
. . p . p n . .
. . . . P . . .
. P p P . B P .
N . K n . . . .
P . . . . P . P
R . . . Q B . RFEN: r1bqk3/p2pbr1N/2p1pn2/4P3/1PpP1BP1/N1Kn4/P4P1P/R3QB1R b q - 0 16Move number 32Board:
r . b q k . . .
p . . p b r . N
. . p . p n . .
. . . . P . . .
. P p P . B P .
N . K . . . . .
P . . . . n . P
R . . . Q B . RFEN: r1bqk3/p2pbr1N/2p1pn2/4P3/1PpP1BP1/N1K5/P4n1P/R3QB1R w q - 0 17Move number 33Board:
r . b q k . . .
p . . p b r . N
. . p . p P . .
. . . . . . . .
. P p P . B P .
N . K . . . . .
P . . . . n . P
R . . . Q B . RFEN: r1bqk3/p2pbr1N/2p1pP2/8/1PpP1BP1/N1K5/P4n1P/R3QB1R b q - 0 17Move number 34Board:
r . . q k . . .
p . . p b r . N
b . p . p P . .
. . . . . . . .
. P p P . B P .
N . K . . . . .
P . . . . n . P
R . . . Q B . RFEN: r2qk3/p2pbr1N/b1p1pP2/8/1PpP1BP1/N1K5/P4n1P/R3QB1R w q - 1 18Move number 35Board:
r . . q k . . .
p . . p b r . N
b . p . p P . .
. . . . . . . .
. P p P . B P .
N . K . . . . .
P . . . Q n . P
R . . . . B . RFEN: r2qk3/p2pbr1N/b1p1pP2/8/1PpP1BP1/N1K5/P3Qn1P/R4B1R b q - 2 18Move number 36Board:
r . . q k r . .
p . . p b . . N
b . p . p P . .
. . . . . . . .
. P p P . B P .
N . K . . . . .
P . . . Q n . P
R . . . . B . RFEN: r2qkr2/p2pb2N/b1p1pP2/8/1PpP1BP1/N1K5/P3Qn1P/R4B1R w q - 3 19Move number 37Board:
r . . q k r . .
p . . p b . . N
b . p . p P . B
. . . . . . . .
. P p P . . P .
N . K . . . . .
P . . . Q n . P
R . . . . B . RFEN: r2qkr2/p2pb2N/b1p1pP1B/8/1PpP2P1/N1K5/P3Qn1P/R4B1R b q - 4 19Move number 38Board:
r . . q . r . .
p . . p b k . N
b . p . p P . B
. . . . . . . .
. P p P . . P .
N . K . . . . .
P . . . Q n . P
R . . . . B . RFEN: r2q1r2/p2pbk1N/b1p1pP1B/8/1PpP2P1/N1K5/P3Qn1P/R4B1R w - - 5 20Move number 39Board:
r . . q . r . .
p . . p b k . N
b . p . p P . B
. . . . . . . .
. P p P Q . P .
N . K . . . . .
P . . . . n . P
R . . . . B . RFEN: r2q1r2/p2pbk1N/b1p1pP1B/8/1PpPQ1P1/N1K5/P4n1P/R4B1R b - - 6 20Move number 40Board:
r . . q . r . .
p . . p b k . N
b . . . p P . B
. . p . . . . .
. P p P Q . P .
N . K . . . . .
P . . . . n . P
R . . . . B . RFEN: r2q1r2/p2pbk1N/b3pP1B/2p5/1PpPQ1P1/N1K5/P4n1P/R4B1R w - - 0 21Move number 41Board:
r . . q . r . .
p . . p b k . N
b . . . Q P . B
. . p . . . . .
. P p P . . P .
N . K . . . . .
P . . . . n . P
R . . . . B . RFEN: r2q1r2/p2pbk1N/b3QP1B/2p5/1PpP2P1/N1K5/P4n1P/R4B1R b - - 0 21Move number 42Board:
r . . q . r . .
p . . p b . . N
b . . . Q P k B
. . p . . . . .
. P p P . . P .
N . K . . . . .
P . . . . n . P
R . . . . B . RFEN: r2q1r2/p2pb2N/b3QPkB/2p5/1PpP2P1/N1K5/P4n1P/R4B1R w - - 1 22Move number 43Board:
r . . q . r . .
p . . p b . . N
b . . Q . P k B
. . p . . . . .
. P p P . . P .
N . K . . . . .
P . . . . n . P
R . . . . B . RFEN: r2q1r2/p2pb2N/b2Q1PkB/2p5/1PpP2P1/N1K5/P4n1P/R4B1R b - - 2 22Move number 44Board:
r . q . . r . .
p . . p b . . N
b . . Q . P k B
. . p . . . . .
. P p P . . P .
N . K . . . . .
P . . . . n . P
R . . . . B . RFEN: r1q2r2/p2pb2N/b2Q1PkB/2p5/1PpP2P1/N1K5/P4n1P/R4B1R w - - 3 23Move number 45Board:
r . q . . r . .
p . . p b . . N
b . . . . P k B
. . p . . . . .
. P p P . . P .
N . K . . . Q .
P . . . . n . P
R . . . . B . RFEN: r1q2r2/p2pb2N/b4PkB/2p5/1PpP2P1/N1K3Q1/P4n1P/R4B1R b - - 4 23Move number 46Board:
r . . . . r . .
p . . p b . . N
b . q . . P k B
. . p . . . . .
. P p P . . P .
N . K . . . Q .
P . . . . n . P
R . . . . B . RFEN: r4r2/p2pb2N/b1q2PkB/2p5/1PpP2P1/N1K3Q1/P4n1P/R4B1R w - - 5 24Move number 47Board:
r . . . . r . .
p . . p b . . N
b . q . . P k B
. . p . . . . .
. P p P . . P .
N . K . . . Q .
P . . . . n . P
. . . R . B . RFEN: r4r2/p2pb2N/b1q2PkB/2p5/1PpP2P1/N1K3Q1/P4n1P/3R1B1R b - - 6 24Move number 48Board:
r . . . . . r .
p . . p b . . N
b . q . . P k B
. . p . . . . .
. P p P . . P .
N . K . . . Q .
P . . . . n . P
. . . R . B . RFEN: r5r1/p2pb2N/b1q2PkB/2p5/1PpP2P1/N1K3Q1/P4n1P/3R1B1R w - - 7 25Move number 49Board:
r . . . . . r .
p . . p b . . N
b . q . . P k B
. . p P . . . .
. P p . . . P .
N . K . . . Q .
P . . . . n . P
. . . R . B . RFEN: r5r1/p2pb2N/b1q2PkB/2pP4/1Pp3P1/N1K3Q1/P4n1P/3R1B1R b - - 0 25Move number 50Board:
r . . . . . r .
p . . p b . . N
b . . q . P k B
. . p P . . . .
. P p . . . P .
N . K . . . Q .
P . . . . n . P
. . . R . B . RFEN: r5r1/p2pb2N/b2q1PkB/2pP4/1Pp3P1/N1K3Q1/P4n1P/3R1B1R w - - 1 26Move number 51Board:
r . . . . . r .
p . . p b . . N
b . . q . P k .
. . p P . . . .
. P p . . . P .
N . K . . . Q .
P . . . . n . P
. . B R . B . RFEN: r5r1/p2pb2N/b2q1Pk1/2pP4/1Pp3P1/N1K3Q1/P4n1P/2BR1B1R b - - 2 26Move number 52Board:
r . . . . . r .
p . . p b . . N
b . . q . P k .
. . p P . . . .
. P p . . . P .
N . K . . . Q .
P . . . . . . P
. . B R . B . nFEN: r5r1/p2pb2N/b2q1Pk1/2pP4/1Pp3P1/N1K3Q1/P6P/2BR1B1n w - - 0 27Move number 53Board:
r . . . . . r .
p . . p b . . N
b . . q . P k .
. . p P . . . .
. P p . . Q P .
N . K . . . . .
P . . . . . . P
. . B R . B . nFEN: r5r1/p2pb2N/b2q1Pk1/2pP4/1Pp2QP1/N1K5/P6P/2BR1B1n b - - 1 27Move number 54Board:
r q . . . . r .
p . . p b . . N
b . . . . P k .
. . p P . . . .
. P p . . Q P .
N . K . . . . .
P . . . . . . P
. . B R . B . nFEN: rq4r1/p2pb2N/b4Pk1/2pP4/1Pp2QP1/N1K5/P6P/2BR1B1n w - - 2 28Move number 55Board:
r q . . . . r .
p . . p b . . N
b . . . . P k .
. . p P . . . .
. P p . . Q P .
N . K . . . . .
P . . . . . . P
. . B . R B . nFEN: rq4r1/p2pb2N/b4Pk1/2pP4/1Pp2QP1/N1K5/P6P/2B1RB1n b - - 3 28Move number 56Board:
r q . . r . . .
p . . p b . . N
b . . . . P k .
. . p P . . . .
. P p . . Q P .
N . K . . . . .
P . . . . . . P
. . B . R B . nFEN: rq2r3/p2pb2N/b4Pk1/2pP4/1Pp2QP1/N1K5/P6P/2B1RB1n w - - 4 29Move number 57Board:
r q . . r . . .
p . . p b . . N
b . . . . P k .
. P p P . . . .
. . p . . Q P .
N . K . . . . .
P . . . . . . P
. . B . R B . nFEN: rq2r3/p2pb2N/b4Pk1/1PpP4/2p2QP1/N1K5/P6P/2B1RB1n b - - 0 29Move number 58Board:
r q . . r . . .
p . . . b . . N
b . . p . P k .
. P p P . . . .
. . p . . Q P .
N . K . . . . .
P . . . . . . P
. . B . R B . nFEN: rq2r3/p3b2N/b2p1Pk1/1PpP4/2p2QP1/N1K5/P6P/2B1RB1n w - - 0 30Move number 59Board:
r q . . r . . .
p . . . b . . N
b . . p . P k .
. P p P . . . .
. . p . . Q P .
N . . . . . . .
P K . . . . . P
. . B . R B . nFEN: rq2r3/p3b2N/b2p1Pk1/1PpP4/2p2QP1/N7/PK5P/2B1RB1n b - - 1 30Move number 60Board:
r q . . . . . r
p . . . b . . N
b . . p . P k .
. P p P . . . .
. . p . . Q P .
N . . . . . . .
P K . . . . . P
. . B . R B . nFEN: rq5r/p3b2N/b2p1Pk1/1PpP4/2p2QP1/N7/PK5P/2B1RB1n w - - 2 31Move number 61Board:
r q . . . . . r
p . . . b . . N
b . . p . P k .
. P p P . . . .
. . p . . Q P .
N . . . . . . .
P K . . . . B P
. . B . R . . nFEN: rq5r/p3b2N/b2p1Pk1/1PpP4/2p2QP1/N7/PK4BP/2B1R2n b - - 3 31Move number 62Board:
r q . . r . . .
p . . . b . . N
b . . p . P k .
. P p P . . . .
. . p . . Q P .
N . . . . . . .
P K . . . . B P
. . B . R . . nFEN: rq2r3/p3b2N/b2p1Pk1/1PpP4/2p2QP1/N7/PK4BP/2B1R2n w - - 4 32Move number 63Board:
r q . . r . . .
p . . . b . . N
b . . p . P k .
. P p P . . . .
. . p Q . . P .
N . . . . . . .
P K . . . . B P
. . B . R . . nFEN: rq2r3/p3b2N/b2p1Pk1/1PpP4/2pQ2P1/N7/PK4BP/2B1R2n b - - 5 32Move number 64Board:
r q . b r . . .
p . . . . . . N
b . . p . P k .
. P p P . . . .
. . p Q . . P .
N . . . . . . .
P K . . . . B P
. . B . R . . nFEN: rq1br3/p6N/b2p1Pk1/1PpP4/2pQ2P1/N7/PK4BP/2B1R2n w - - 6 33Move number 65Board:
r q . b r . . .
p . . . . . . N
b . . p . P k .
. P p P . . . .
. . p Q . . P .
N . . . . . . .
P K . . . . B P
. . B . . . . RFEN: rq1br3/p6N/b2p1Pk1/1PpP4/2pQ2P1/N7/PK4BP/2B4R b - - 0 33Move number 66Board:
r q . b r . . .
p . . . . . . k
b . . p . P . .
. P p P . . . .
. . p Q . . P .
N . . . . . . .
P K . . . . B P
. . B . . . . RFEN: rq1br3/p6k/b2p1P2/1PpP4/2pQ2P1/N7/PK4BP/2B4R w - - 0 34Move number 67Board:
r q . b r . . .
p . . . . . . k
b . . p . P . .
. P p P . . . .
. . p Q . . P .
N . . . . . . .
P K . . . . B P
. . B R . . . .FEN: rq1br3/p6k/b2p1P2/1PpP4/2pQ2P1/N7/PK4BP/2BR4 b - - 1 34Move number 68Board:
r q . b . . . r
p . . . . . . k
b . . p . P . .
. P p P . . . .
. . p Q . . P .
N . . . . . . .
P K . . . . B P
. . B R . . . .FEN: rq1b3r/p6k/b2p1P2/1PpP4/2pQ2P1/N7/PK4BP/2BR4 w - - 2 35Move number 69Board:
r q . b . . . r
p . . . . . . k
b . . p . P . .
. P p P . . . .
. . p . . . P .
N . . . . . . .
P K . . . . B P
. . B R . . Q .FEN: rq1b3r/p6k/b2p1P2/1PpP4/2p3P1/N7/PK4BP/2BR2Q1 b - - 3 35Move number 70Board:
r q . b . . . r
p . . . . . . k
b . . p . P . .
. P p P . . . .
. . . . . . P .
N . p . . . . .
P K . . . . B P
. . B R . . Q .FEN: rq1b3r/p6k/b2p1P2/1PpP4/6P1/N1p5/PK4BP/2BR2Q1 w - - 0 36Move number 71Board:
r q . b . . . r
p . . . . . . k
b . . p . P . .
. P p P . . . .
. . . . . . P .
N . p . . . . .
P . K . . . B P
. . B R . . Q .FEN: rq1b3r/p6k/b2p1P2/1PpP4/6P1/N1p5/P1K3BP/2BR2Q1 b - - 1 36Move number 72Board:
r q . b . . r .
p . . . . . . k
b . . p . P . .
. P p P . . . .
. . . . . . P .
N . p . . . . .
P . K . . . B P
. . B R . . Q .FEN: rq1b2r1/p6k/b2p1P2/1PpP4/6P1/N1p5/P1K3BP/2BR2Q1 w - - 2 37Move number 73Board:
r q . b . . r .
p . . . . . . k
b . . p . P . .
. P p P . . . .
. . . . . . P P
N . p . . . . .
P . K . . . B .
. . B R . . Q .FEN: rq1b2r1/p6k/b2p1P2/1PpP4/6PP/N1p5/P1K3B1/2BR2Q1 b - - 0 37Move number 74Board:
r q . b . . r .
p b . . . . . k
. . . p . P . .
. P p P . . . .
. . . . . . P P
N . p . . . . .
P . K . . . B .
. . B R . . Q .FEN: rq1b2r1/pb5k/3p1P2/1PpP4/6PP/N1p5/P1K3B1/2BR2Q1 w - - 1 38Move number 75Board:
r q . b . . r .
p b . . . . . k
. . . p . P . .
. P p P . . . .
. . . . . . P P
N . p . . . . .
P . K . . . B .
. . B . . R Q .FEN: rq1b2r1/pb5k/3p1P2/1PpP4/6PP/N1p5/P1K3B1/2B2RQ1 b - - 2 38Move number 76Board:
r q . b . r . .
p b . . . . . k
. . . p . P . .
. P p P . . . .
. . . . . . P P
N . p . . . . .
P . K . . . B .
. . B . . R Q .FEN: rq1b1r2/pb5k/3p1P2/1PpP4/6PP/N1p5/P1K3B1/2B2RQ1 w - - 3 39Move number 77Board:
r q . b . r . .
p b . . . . . k
. . . p . P . .
. P p P . . . .
. . . . . B P P
N . p . . . . .
P . K . . . B .
. . . . . R Q .FEN: rq1b1r2/pb5k/3p1P2/1PpP4/5BPP/N1p5/P1K3B1/5RQ1 b - - 4 39Move number 78Board:
r q . b . r . .
p b . . . . . k
. . . p . P . .
. P . P . . . .
. . p . . B P P
N . p . . . . .
P . K . . . B .
. . . . . R Q .FEN: rq1b1r2/pb5k/3p1P2/1P1P4/2p2BPP/N1p5/P1K3B1/5RQ1 w - - 0 40Move number 79Board:
r q . b . r . .
p b . . . . . k
. . . p . P . .
. P . P B . . .
. . p . . . P P
N . p . . . . .
P . K . . . B .
. . . . . R Q .FEN: rq1b1r2/pb5k/3p1P2/1P1PB3/2p3PP/N1p5/P1K3B1/5RQ1 b - - 1 40Move number 80Board:
r q . b r . . .
p b . . . . . k
. . . p . P . .
. P . P B . . .
. . p . . . P P
N . p . . . . .
P . K . . . B .
. . . . . R Q .FEN: rq1br3/pb5k/3p1P2/1P1PB3/2p3PP/N1p5/P1K3B1/5RQ1 w - - 2 41Move number 81Board:
r q . b r . . .
p b . . . . . k
. . . p . P . .
. P . P B . . .
. . p . . . P P
N . p . . . . .
P . K . . . B .
. R . . . . Q .FEN: rq1br3/pb5k/3p1P2/1P1PB3/2p3PP/N1p5/P1K3B1/1R4Q1 b - - 3 41Move number 82Board:
r q . . r . . .
p b b . . . . k
. . . p . P . .
. P . P B . . .
. . p . . . P P
N . p . . . . .
P . K . . . B .
. R . . . . Q .FEN: rq2r3/pbb4k/3p1P2/1P1PB3/2p3PP/N1p5/P1K3B1/1R4Q1 w - - 4 42Move number 83Board:
r q . . r . . .
p b b . . . . k
. . . p . P . .
. P . P B . . .
. R p . . . P P
N . p . . . . .
P . K . . . B .
. . . . . . Q .FEN: rq2r3/pbb4k/3p1P2/1P1PB3/1Rp3PP/N1p5/P1K3B1/6Q1 b - - 5 42Move number 84Board:
r . . q r . . .
p b b . . . . k
. . . p . P . .
. P . P B . . .
. R p . . . P P
N . p . . . . .
P . K . . . B .
. . . . . . Q .FEN: r2qr3/pbb4k/3p1P2/1P1PB3/1Rp3PP/N1p5/P1K3B1/6Q1 w - - 6 43Move number 85Board:
r . . q r . . .
p b b . . . . k
. . . p . P . .
. P . P B . . .
. R p . . . P P
N . p . . . . B
P . K . . . . .
. . . . . . Q .FEN: r2qr3/pbb4k/3p1P2/1P1PB3/1Rp3PP/N1p4B/P1K5/6Q1 b - - 7 43Move number 86Board:
r . . q r . . .
p b b . . . . .
. . . p . P . k
. P . P B . . .
. R p . . . P P
N . p . . . . B
P . K . . . . .
. . . . . . Q .FEN: r2qr3/pbb5/3p1P1k/1P1PB3/1Rp3PP/N1p4B/P1K5/6Q1 w - - 8 44Move number 87Board:
r . . q r . . .
p b b . . . . .
. . . p . P . k
. P . P B . . .
. R p Q . . P P
N . p . . . . B
P . K . . . . .
. . . . . . . .FEN: r2qr3/pbb5/3p1P1k/1P1PB3/1RpQ2PP/N1p4B/P1K5/8 b - - 9 44Move number 88Board:
r . . q r . . .
p . b . . . . .
. . . p . P . k
. P . b B . . .
. R p Q . . P P
N . p . . . . B
P . K . . . . .
. . . . . . . .FEN: r2qr3/p1b5/3p1P1k/1P1bB3/1RpQ2PP/N1p4B/P1K5/8 w - - 0 45Move number 89Board:
r . . q r . . .
p . b . . . . .
. . . p . P . k
. P . b B . . .
. R p . . . P P
N . Q . . . . B
P . K . . . . .
. . . . . . . .FEN: r2qr3/p1b5/3p1P1k/1P1bB3/1Rp3PP/N1Q4B/P1K5/8 b - - 0 45Move number 90Board:
r . . q r . . .
p . b . . . . .
. . . p . P . k
. P . . B . . .
. R p . b . P P
N . Q . . . . B
P . K . . . . .
. . . . . . . .FEN: r2qr3/p1b5/3p1P1k/1P2B3/1Rp1b1PP/N1Q4B/P1K5/8 w - - 1 46Move number 91Board:
r . . q r . . .
p . b . . . . .
. . . p . P . k
. P . . B . . .
. R p . b . P P
N . . Q . . . B
P . K . . . . .
. . . . . . . .FEN: r2qr3/p1b5/3p1P1k/1P2B3/1Rp1b1PP/N2Q3B/P1K5/8 b - - 2 46Move number 92Board:
r . . q r . . .
p . b . . . . .
. . . p . P . k
. P . . B . . .
. R . . b . P P
N . p Q . . . B
P . K . . . . .
. . . . . . . .FEN: r2qr3/p1b5/3p1P1k/1P2B3/1R2b1PP/N1pQ3B/P1K5/8 w - - 0 47Move number 93Board:
r . . q r . . .
p . b . . . . .
. . . p . P . k
. P . . B . . .
. . . . b . P P
N R p Q . . . B
P . K . . . . .
. . . . . . . .FEN: r2qr3/p1b5/3p1P1k/1P2B3/4b1PP/NRpQ3B/P1K5/8 b - - 1 47Move number 94Board:
r . . q r . . .
p . b . . . . .
. . . p . P . k
. P . b B . . .
. . . . . . P P
N R p Q . . . B
P . K . . . . .
. . . . . . . .FEN: r2qr3/p1b5/3p1P1k/1P1bB3/6PP/NRpQ3B/P1K5/8 w - - 2 48Move number 95Board:
r . . q r . . .
p . b . . . . .
. . . p . P . k
. P . b B . . .
. . . . Q . P P
N R p . . . . B
P . K . . . . .
. . . . . . . .FEN: r2qr3/p1b5/3p1P1k/1P1bB3/4Q1PP/NRp4B/P1K5/8 b - - 3 48Move number 96Board:
r . . q r . . .
p . b . . . . .
. . b p . P . k
. P . . B . . .
. . . . Q . P P
N R p . . . . B
P . K . . . . .
. . . . . . . .FEN: r2qr3/p1b5/2bp1P1k/1P2B3/4Q1PP/NRp4B/P1K5/8 w - - 4 49Move number 97Board:
r . . q r . . .
p . b . . . . .
. . b p . P . k
. P . . B . . .
Q . . . . . P P
N R p . . . . B
P . K . . . . .
. . . . . . . .FEN: r2qr3/p1b5/2bp1P1k/1P2B3/Q5PP/NRp4B/P1K5/8 b - - 5 49Move number 98Board:
r . q . r . . .
p . b . . . . .
. . b p . P . k
. P . . B . . .
Q . . . . . P P
N R p . . . . B
P . K . . . . .
. . . . . . . .FEN: r1q1r3/p1b5/2bp1P1k/1P2B3/Q5PP/NRp4B/P1K5/8 w - - 6 50Move number 99Board:
r . q . r . . .
p . b . . . . .
. . b p . P . k
. P . . B . . .
. . Q . . . P P
N R p . . . . B
P . K . . . . .
. . . . . . . .FEN: r1q1r3/p1b5/2bp1P1k/1P2B3/2Q3PP/NRp4B/P1K5/8 b - - 7 50Move number 100Board:
r . q . r . . .
p . b . . . . .
. . . p . P . k
. P . . B . . .
. . Q . . . P P
N R p . . . . B
P . K . . . b .
. . . . . . . .FEN: r1q1r3/p1b5/3p1P1k/1P2B3/2Q3PP/NRp4B/P1K3b1/8 w - - 8 51GAME OVERExceeded move limits, it's a tie